2024-04-05 10:11:48,710 [Worker-5: Loading available Gradle versions] INFO  o.e.b.c.i.u.g.PublishedGradleVersions - Gradle version information cache is out-of-date. Trying to update.
2024-04-08 10:26:41,115 [Worker-4: Loading available Gradle versions] INFO  o.e.b.c.i.u.g.PublishedGradleVersions - Gradle version information cache is up-to-date. Trying to read.
2024-04-08 10:27:20,823 [ModalContext] INFO  o.e.m.c.i.e.AbstractTransferListenerAdapter - Downloading https://repo.maven.apache.org/maven2/org/apache/maven/archetypes/maven-archetype-archetype/1.0/maven-archetype-archetype-1.0.pom
2024-04-08 10:27:20,841 [ModalContext] INFO  o.e.m.c.i.e.AbstractTransferListenerAdapter - Downloaded https://repo.maven.apache.org/maven2/org/apache/maven/archetypes/maven-archetype-archetype/1.0/maven-archetype-archetype-1.0.pom
2024-04-08 10:27:20,913 [ModalContext] INFO  o.e.m.c.i.e.AbstractTransferListenerAdapter - Downloading https://repo.maven.apache.org/maven2/org/apache/maven/archetypes/maven-archetype-bundles/2/maven-archetype-bundles-2.pom
2024-04-08 10:27:20,933 [ModalContext] INFO  o.e.m.c.i.e.AbstractTransferListenerAdapter - Downloaded https://repo.maven.apache.org/maven2/org/apache/maven/archetypes/maven-archetype-bundles/2/maven-archetype-bundles-2.pom
2024-04-08 10:27:20,997 [ModalContext] INFO  o.e.m.c.i.e.AbstractTransferListenerAdapter - Downloading https://repo.maven.apache.org/maven2/org/apache/maven/archetype/maven-archetype-parent/1/maven-archetype-parent-1.pom
2024-04-08 10:27:21,017 [ModalContext] INFO  o.e.m.c.i.e.AbstractTransferListenerAdapter - Downloaded https://repo.maven.apache.org/maven2/org/apache/maven/archetype/maven-archetype-parent/1/maven-archetype-parent-1.pom
2024-04-08 10:27:21,078 [ModalContext] INFO  o.e.m.c.i.e.AbstractTransferListenerAdapter - Downloading https://repo.maven.apache.org/maven2/org/apache/maven/maven-parent/4/maven-parent-4.pom
2024-04-08 10:27:21,100 [ModalContext] INFO  o.e.m.c.i.e.AbstractTransferListenerAdapter - Downloaded https://repo.maven.apache.org/maven2/org/apache/maven/maven-parent/4/maven-parent-4.pom
2024-04-08 10:27:21,159 [ModalContext] INFO  o.e.m.c.i.e.AbstractTransferListenerAdapter - Downloading https://repo.maven.apache.org/maven2/org/apache/apache/3/apache-3.pom
2024-04-08 10:27:21,172 [ModalContext] INFO  o.e.m.c.i.e.AbstractTransferListenerAdapter - Downloaded https://repo.maven.apache.org/maven2/org/apache/apache/3/apache-3.pom
2024-04-08 10:27:21,260 [ModalContext] INFO  o.e.m.c.i.e.AbstractTransferListenerAdapter - Downloading https://repo.maven.apache.org/maven2/org/apache/maven/archetypes/maven-archetype-archetype/1.0/maven-archetype-archetype-1.0.jar
2024-04-08 10:27:21,276 [ModalContext] INFO  o.e.m.c.i.e.AbstractTransferListenerAdapter - Downloaded https://repo.maven.apache.org/maven2/org/apache/maven/archetypes/maven-archetype-archetype/1.0/maven-archetype-archetype-1.0.jar
2024-04-08 10:29:02,456 [Worker-8: Launching mavenrun-0189efa1-0f2a-47f1-95d4-fe013b29530c] INFO  o.eclipse.m2e.core.internal.Bundles - getClasspathEntries(Bundle=org.eclipse.m2e.maven.runtime_3.9.500.20231113-2345 [346])
2024-04-08 10:29:02,461 [Worker-8: Launching mavenrun-0189efa1-0f2a-47f1-95d4-fe013b29530c] INFO  o.eclipse.m2e.core.internal.Bundles - 	Entry: C:\Users\ABHMAHES\Downloads\sts-4.21.1.RELEASE\plugins\org.eclipse.m2e.maven.runtime_3.9.500.20231113-2345
2024-04-08 10:29:02,462 [Worker-8: Launching mavenrun-0189efa1-0f2a-47f1-95d4-fe013b29530c] INFO  o.eclipse.m2e.core.internal.Bundles - 	Entry: C:\Users\ABHMAHES\Downloads\sts-4.21.1.RELEASE\plugins\org.eclipse.m2e.maven.runtime_3.9.500.20231113-2345\jars\aopalliance-1.0.jar
2024-04-08 10:29:02,462 [Worker-8: Launching mavenrun-0189efa1-0f2a-47f1-95d4-fe013b29530c] INFO  o.eclipse.m2e.core.internal.Bundles - 	Entry: C:\Users\ABHMAHES\Downloads\sts-4.21.1.RELEASE\plugins\org.eclipse.m2e.maven.runtime_3.9.500.20231113-2345\jars\guice-5.1.0.jar
2024-04-08 10:29:02,462 [Worker-8: Launching mavenrun-0189efa1-0f2a-47f1-95d4-fe013b29530c] INFO  o.eclipse.m2e.core.internal.Bundles - 	Entry: C:\Users\ABHMAHES\Downloads\sts-4.21.1.RELEASE\plugins\org.eclipse.m2e.maven.runtime_3.9.500.20231113-2345\jars\httpclient-4.5.14.jar
2024-04-08 10:29:02,462 [Worker-8: Launching mavenrun-0189efa1-0f2a-47f1-95d4-fe013b29530c] INFO  o.eclipse.m2e.core.internal.Bundles - 	Entry: C:\Users\ABHMAHES\Downloads\sts-4.21.1.RELEASE\plugins\org.eclipse.m2e.maven.runtime_3.9.500.20231113-2345\jars\httpcore-4.4.16.jar
2024-04-08 10:29:02,463 [Worker-8: Launching mavenrun-0189efa1-0f2a-47f1-95d4-fe013b29530c] INFO  o.eclipse.m2e.core.internal.Bundles - 	Entry: C:\Users\ABHMAHES\Downloads\sts-4.21.1.RELEASE\plugins\org.eclipse.m2e.maven.runtime_3.9.500.20231113-2345\jars\jansi-2.4.0.jar
2024-04-08 10:29:02,463 [Worker-8: Launching mavenrun-0189efa1-0f2a-47f1-95d4-fe013b29530c] INFO  o.eclipse.m2e.core.internal.Bundles - 	Entry: C:\Users\ABHMAHES\Downloads\sts-4.21.1.RELEASE\plugins\org.eclipse.m2e.maven.runtime_3.9.500.20231113-2345\jars\jcl-over-slf4j-1.7.36.jar
2024-04-08 10:29:02,463 [Worker-8: Launching mavenrun-0189efa1-0f2a-47f1-95d4-fe013b29530c] INFO  o.eclipse.m2e.core.internal.Bundles - 	Entry: C:\Users\ABHMAHES\Downloads\sts-4.21.1.RELEASE\plugins\org.eclipse.m2e.maven.runtime_3.9.500.20231113-2345\jars\maven-artifact-3.9.5.jar
2024-04-08 10:29:02,463 [Worker-8: Launching mavenrun-0189efa1-0f2a-47f1-95d4-fe013b29530c] INFO  o.eclipse.m2e.core.internal.Bundles - 	Entry: C:\Users\ABHMAHES\Downloads\sts-4.21.1.RELEASE\plugins\org.eclipse.m2e.maven.runtime_3.9.500.20231113-2345\jars\maven-builder-support-3.9.5.jar
2024-04-08 10:29:02,464 [Worker-8: Launching mavenrun-0189efa1-0f2a-47f1-95d4-fe013b29530c] INFO  o.eclipse.m2e.core.internal.Bundles - 	Entry: C:\Users\ABHMAHES\Downloads\sts-4.21.1.RELEASE\plugins\org.eclipse.m2e.maven.runtime_3.9.500.20231113-2345\jars\maven-compat-3.9.5.jar
2024-04-08 10:29:02,464 [Worker-8: Launching mavenrun-0189efa1-0f2a-47f1-95d4-fe013b29530c] INFO  o.eclipse.m2e.core.internal.Bundles - 	Entry: C:\Users\ABHMAHES\Downloads\sts-4.21.1.RELEASE\plugins\org.eclipse.m2e.maven.runtime_3.9.500.20231113-2345\jars\maven-core-3.9.5.jar
2024-04-08 10:29:02,464 [Worker-8: Launching mavenrun-0189efa1-0f2a-47f1-95d4-fe013b29530c] INFO  o.eclipse.m2e.core.internal.Bundles - 	Entry: C:\Users\ABHMAHES\Downloads\sts-4.21.1.RELEASE\plugins\org.eclipse.m2e.maven.runtime_3.9.500.20231113-2345\jars\maven-embedder-3.9.5.jar
2024-04-08 10:29:02,464 [Worker-8: Launching mavenrun-0189efa1-0f2a-47f1-95d4-fe013b29530c] INFO  o.eclipse.m2e.core.internal.Bundles - 	Entry: C:\Users\ABHMAHES\Downloads\sts-4.21.1.RELEASE\plugins\org.eclipse.m2e.maven.runtime_3.9.500.20231113-2345\jars\maven-model-3.9.5.jar
2024-04-08 10:29:02,464 [Worker-8: Launching mavenrun-0189efa1-0f2a-47f1-95d4-fe013b29530c] INFO  o.eclipse.m2e.core.internal.Bundles - 	Entry: C:\Users\ABHMAHES\Downloads\sts-4.21.1.RELEASE\plugins\org.eclipse.m2e.maven.runtime_3.9.500.20231113-2345\jars\maven-model-builder-3.9.5.jar
2024-04-08 10:29:02,465 [Worker-8: Launching mavenrun-0189efa1-0f2a-47f1-95d4-fe013b29530c] INFO  o.eclipse.m2e.core.internal.Bundles - 	Entry: C:\Users\ABHMAHES\Downloads\sts-4.21.1.RELEASE\plugins\org.eclipse.m2e.maven.runtime_3.9.500.20231113-2345\jars\maven-plugin-api-3.9.5.jar
2024-04-08 10:29:02,465 [Worker-8: Launching mavenrun-0189efa1-0f2a-47f1-95d4-fe013b29530c] INFO  o.eclipse.m2e.core.internal.Bundles - 	Entry: C:\Users\ABHMAHES\Downloads\sts-4.21.1.RELEASE\plugins\org.eclipse.m2e.maven.runtime_3.9.500.20231113-2345\jars\maven-repository-metadata-3.9.5.jar
2024-04-08 10:29:02,465 [Worker-8: Launching mavenrun-0189efa1-0f2a-47f1-95d4-fe013b29530c] INFO  o.eclipse.m2e.core.internal.Bundles - 	Entry: C:\Users\ABHMAHES\Downloads\sts-4.21.1.RELEASE\plugins\org.eclipse.m2e.maven.runtime_3.9.500.20231113-2345\jars\maven-resolver-api-1.9.16.jar
2024-04-08 10:29:02,465 [Worker-8: Launching mavenrun-0189efa1-0f2a-47f1-95d4-fe013b29530c] INFO  o.eclipse.m2e.core.internal.Bundles - 	Entry: C:\Users\ABHMAHES\Downloads\sts-4.21.1.RELEASE\plugins\org.eclipse.m2e.maven.runtime_3.9.500.20231113-2345\jars\maven-resolver-connector-basic-1.9.16.jar
2024-04-08 10:29:02,466 [Worker-8: Launching mavenrun-0189efa1-0f2a-47f1-95d4-fe013b29530c] INFO  o.eclipse.m2e.core.internal.Bundles - 	Entry: C:\Users\ABHMAHES\Downloads\sts-4.21.1.RELEASE\plugins\org.eclipse.m2e.maven.runtime_3.9.500.20231113-2345\jars\maven-resolver-impl-1.9.16.jar
2024-04-08 10:29:02,466 [Worker-8: Launching mavenrun-0189efa1-0f2a-47f1-95d4-fe013b29530c] INFO  o.eclipse.m2e.core.internal.Bundles - 	Entry: C:\Users\ABHMAHES\Downloads\sts-4.21.1.RELEASE\plugins\org.eclipse.m2e.maven.runtime_3.9.500.20231113-2345\jars\maven-resolver-named-locks-1.9.16.jar
2024-04-08 10:29:02,466 [Worker-8: Launching mavenrun-0189efa1-0f2a-47f1-95d4-fe013b29530c] INFO  o.eclipse.m2e.core.internal.Bundles - 	Entry: C:\Users\ABHMAHES\Downloads\sts-4.21.1.RELEASE\plugins\org.eclipse.m2e.maven.runtime_3.9.500.20231113-2345\jars\maven-resolver-provider-3.9.5.jar
2024-04-08 10:29:02,466 [Worker-8: Launching mavenrun-0189efa1-0f2a-47f1-95d4-fe013b29530c] INFO  o.eclipse.m2e.core.internal.Bundles - 	Entry: C:\Users\ABHMAHES\Downloads\sts-4.21.1.RELEASE\plugins\org.eclipse.m2e.maven.runtime_3.9.500.20231113-2345\jars\maven-resolver-spi-1.9.16.jar
2024-04-08 10:29:02,466 [Worker-8: Launching mavenrun-0189efa1-0f2a-47f1-95d4-fe013b29530c] INFO  o.eclipse.m2e.core.internal.Bundles - 	Entry: C:\Users\ABHMAHES\Downloads\sts-4.21.1.RELEASE\plugins\org.eclipse.m2e.maven.runtime_3.9.500.20231113-2345\jars\maven-resolver-transport-file-1.9.16.jar
2024-04-08 10:29:02,467 [Worker-8: Launching mavenrun-0189efa1-0f2a-47f1-95d4-fe013b29530c] INFO  o.eclipse.m2e.core.internal.Bundles - 	Entry: C:\Users\ABHMAHES\Downloads\sts-4.21.1.RELEASE\plugins\org.eclipse.m2e.maven.runtime_3.9.500.20231113-2345\jars\maven-resolver-transport-http-1.9.16.jar
2024-04-08 10:29:02,467 [Worker-8: Launching mavenrun-0189efa1-0f2a-47f1-95d4-fe013b29530c] INFO  o.eclipse.m2e.core.internal.Bundles - 	Entry: C:\Users\ABHMAHES\Downloads\sts-4.21.1.RELEASE\plugins\org.eclipse.m2e.maven.runtime_3.9.500.20231113-2345\jars\maven-resolver-transport-wagon-1.9.16.jar
2024-04-08 10:29:02,467 [Worker-8: Launching mavenrun-0189efa1-0f2a-47f1-95d4-fe013b29530c] INFO  o.eclipse.m2e.core.internal.Bundles - 	Entry: C:\Users\ABHMAHES\Downloads\sts-4.21.1.RELEASE\plugins\org.eclipse.m2e.maven.runtime_3.9.500.20231113-2345\jars\maven-resolver-util-1.9.16.jar
2024-04-08 10:29:02,468 [Worker-8: Launching mavenrun-0189efa1-0f2a-47f1-95d4-fe013b29530c] INFO  o.eclipse.m2e.core.internal.Bundles - 	Entry: C:\Users\ABHMAHES\Downloads\sts-4.21.1.RELEASE\plugins\org.eclipse.m2e.maven.runtime_3.9.500.20231113-2345\jars\maven-settings-3.9.5.jar
2024-04-08 10:29:02,468 [Worker-8: Launching mavenrun-0189efa1-0f2a-47f1-95d4-fe013b29530c] INFO  o.eclipse.m2e.core.internal.Bundles - 	Entry: C:\Users\ABHMAHES\Downloads\sts-4.21.1.RELEASE\plugins\org.eclipse.m2e.maven.runtime_3.9.500.20231113-2345\jars\maven-settings-builder-3.9.5.jar
2024-04-08 10:29:02,468 [Worker-8: Launching mavenrun-0189efa1-0f2a-47f1-95d4-fe013b29530c] INFO  o.eclipse.m2e.core.internal.Bundles - 	Entry: C:\Users\ABHMAHES\Downloads\sts-4.21.1.RELEASE\plugins\org.eclipse.m2e.maven.runtime_3.9.500.20231113-2345\jars\maven-shared-utils-3.3.4.jar
2024-04-08 10:29:02,468 [Worker-8: Launching mavenrun-0189efa1-0f2a-47f1-95d4-fe013b29530c] INFO  o.eclipse.m2e.core.internal.Bundles - 	Entry: C:\Users\ABHMAHES\Downloads\sts-4.21.1.RELEASE\plugins\org.eclipse.m2e.maven.runtime_3.9.500.20231113-2345\jars\org.eclipse.sisu.inject-0.3.5.jar
2024-04-08 10:29:02,468 [Worker-8: Launching mavenrun-0189efa1-0f2a-47f1-95d4-fe013b29530c] INFO  o.eclipse.m2e.core.internal.Bundles - 	Entry: C:\Users\ABHMAHES\Downloads\sts-4.21.1.RELEASE\plugins\org.eclipse.m2e.maven.runtime_3.9.500.20231113-2345\jars\org.eclipse.sisu.plexus-0.3.5.jar
2024-04-08 10:29:02,469 [Worker-8: Launching mavenrun-0189efa1-0f2a-47f1-95d4-fe013b29530c] INFO  o.eclipse.m2e.core.internal.Bundles - 	Entry: C:\Users\ABHMAHES\Downloads\sts-4.21.1.RELEASE\plugins\org.eclipse.m2e.maven.runtime_3.9.500.20231113-2345\jars\plexus-build-api-0.0.7.jar
2024-04-08 10:29:02,469 [Worker-8: Launching mavenrun-0189efa1-0f2a-47f1-95d4-fe013b29530c] INFO  o.eclipse.m2e.core.internal.Bundles - 	Entry: C:\Users\ABHMAHES\Downloads\sts-4.21.1.RELEASE\plugins\org.eclipse.m2e.maven.runtime_3.9.500.20231113-2345\jars\plexus-cipher-2.0.jar
2024-04-08 10:29:02,469 [Worker-8: Launching mavenrun-0189efa1-0f2a-47f1-95d4-fe013b29530c] INFO  o.eclipse.m2e.core.internal.Bundles - 	Entry: C:\Users\ABHMAHES\Downloads\sts-4.21.1.RELEASE\plugins\org.eclipse.m2e.maven.runtime_3.9.500.20231113-2345\jars\plexus-classworlds-2.7.0.jar
2024-04-08 10:29:02,469 [Worker-8: Launching mavenrun-0189efa1-0f2a-47f1-95d4-fe013b29530c] INFO  o.eclipse.m2e.core.internal.Bundles - 	Entry: C:\Users\ABHMAHES\Downloads\sts-4.21.1.RELEASE\plugins\org.eclipse.m2e.maven.runtime_3.9.500.20231113-2345\jars\plexus-component-annotations-2.1.0.jar
2024-04-08 10:29:02,469 [Worker-8: Launching mavenrun-0189efa1-0f2a-47f1-95d4-fe013b29530c] INFO  o.eclipse.m2e.core.internal.Bundles - 	Entry: C:\Users\ABHMAHES\Downloads\sts-4.21.1.RELEASE\plugins\org.eclipse.m2e.maven.runtime_3.9.500.20231113-2345\jars\plexus-interpolation-1.26.jar
2024-04-08 10:29:02,470 [Worker-8: Launching mavenrun-0189efa1-0f2a-47f1-95d4-fe013b29530c] INFO  o.eclipse.m2e.core.internal.Bundles - 	Entry: C:\Users\ABHMAHES\Downloads\sts-4.21.1.RELEASE\plugins\org.eclipse.m2e.maven.runtime_3.9.500.20231113-2345\jars\plexus-sec-dispatcher-2.0.jar
2024-04-08 10:29:02,470 [Worker-8: Launching mavenrun-0189efa1-0f2a-47f1-95d4-fe013b29530c] INFO  o.eclipse.m2e.core.internal.Bundles - 	Entry: C:\Users\ABHMAHES\Downloads\sts-4.21.1.RELEASE\plugins\org.eclipse.m2e.maven.runtime_3.9.500.20231113-2345\jars\plexus-utils-3.5.1.jar
2024-04-08 10:29:02,470 [Worker-8: Launching mavenrun-0189efa1-0f2a-47f1-95d4-fe013b29530c] INFO  o.eclipse.m2e.core.internal.Bundles - 	Entry: C:\Users\ABHMAHES\Downloads\sts-4.21.1.RELEASE\plugins\org.eclipse.m2e.maven.runtime_3.9.500.20231113-2345\jars\wagon-file-3.5.3.jar
2024-04-08 10:29:02,470 [Worker-8: Launching mavenrun-0189efa1-0f2a-47f1-95d4-fe013b29530c] INFO  o.eclipse.m2e.core.internal.Bundles - 	Entry: C:\Users\ABHMAHES\Downloads\sts-4.21.1.RELEASE\plugins\org.eclipse.m2e.maven.runtime_3.9.500.20231113-2345\jars\wagon-http-3.5.3.jar
2024-04-08 10:29:02,471 [Worker-8: Launching mavenrun-0189efa1-0f2a-47f1-95d4-fe013b29530c] INFO  o.eclipse.m2e.core.internal.Bundles - 	Entry: C:\Users\ABHMAHES\Downloads\sts-4.21.1.RELEASE\plugins\org.eclipse.m2e.maven.runtime_3.9.500.20231113-2345\jars\wagon-http-shared-3.5.3.jar
2024-04-08 10:29:02,471 [Worker-8: Launching mavenrun-0189efa1-0f2a-47f1-95d4-fe013b29530c] INFO  o.eclipse.m2e.core.internal.Bundles - 	Entry: C:\Users\ABHMAHES\Downloads\sts-4.21.1.RELEASE\plugins\org.eclipse.m2e.maven.runtime_3.9.500.20231113-2345\jars\wagon-provider-api-3.5.3.jar
2024-04-08 10:29:02,473 [Worker-8: Launching mavenrun-0189efa1-0f2a-47f1-95d4-fe013b29530c] INFO  o.eclipse.m2e.core.internal.Bundles - getClasspathEntries(Bundle=com.google.guava_33.0.0.jre [25])
2024-04-08 10:29:02,474 [Worker-8: Launching mavenrun-0189efa1-0f2a-47f1-95d4-fe013b29530c] INFO  o.eclipse.m2e.core.internal.Bundles - 	Entry: C:\Users\ABHMAHES\Downloads\sts-4.21.1.RELEASE\plugins\com.google.guava_33.0.0.jre.jar
2024-04-08 10:29:02,475 [Worker-8: Launching mavenrun-0189efa1-0f2a-47f1-95d4-fe013b29530c] INFO  o.eclipse.m2e.core.internal.Bundles - getClasspathEntries(Bundle=slf4j.api_2.0.9 [573])
2024-04-08 10:29:02,477 [Worker-8: Launching mavenrun-0189efa1-0f2a-47f1-95d4-fe013b29530c] INFO  o.eclipse.m2e.core.internal.Bundles - 	Entry: C:\Users\ABHMAHES\Downloads\sts-4.21.1.RELEASE\plugins\slf4j.api_2.0.9.jar
2024-04-08 10:29:02,477 [Worker-8: Launching mavenrun-0189efa1-0f2a-47f1-95d4-fe013b29530c] INFO  o.eclipse.m2e.core.internal.Bundles - getClasspathEntries(Bundle=jakarta.inject.jakarta.inject-api_1.0.5 [41])
2024-04-08 10:29:02,478 [Worker-8: Launching mavenrun-0189efa1-0f2a-47f1-95d4-fe013b29530c] INFO  o.eclipse.m2e.core.internal.Bundles - 	Entry: C:\Users\ABHMAHES\Downloads\sts-4.21.1.RELEASE\plugins\jakarta.inject.jakarta.inject-api_1.0.5.jar
2024-04-08 10:29:02,478 [Worker-8: Launching mavenrun-0189efa1-0f2a-47f1-95d4-fe013b29530c] INFO  o.eclipse.m2e.core.internal.Bundles - getClasspathEntries(Bundle=jakarta.annotation-api_1.3.5 [37])
2024-04-08 10:29:02,479 [Worker-8: Launching mavenrun-0189efa1-0f2a-47f1-95d4-fe013b29530c] INFO  o.eclipse.m2e.core.internal.Bundles - 	Entry: C:\Users\ABHMAHES\Downloads\sts-4.21.1.RELEASE\plugins\jakarta.annotation-api_1.3.5.jar
2024-04-08 10:29:02,479 [Worker-8: Launching mavenrun-0189efa1-0f2a-47f1-95d4-fe013b29530c] INFO  o.eclipse.m2e.core.internal.Bundles - getClasspathEntries(Bundle=org.apache.commons.cli_1.6.0 [71])
2024-04-08 10:29:02,479 [Worker-8: Launching mavenrun-0189efa1-0f2a-47f1-95d4-fe013b29530c] INFO  o.eclipse.m2e.core.internal.Bundles - 	Entry: C:\Users\ABHMAHES\Downloads\sts-4.21.1.RELEASE\plugins\org.apache.commons.cli_1.6.0.jar
2024-04-08 10:29:02,479 [Worker-8: Launching mavenrun-0189efa1-0f2a-47f1-95d4-fe013b29530c] INFO  o.eclipse.m2e.core.internal.Bundles - getClasspathEntries(Bundle=org.apache.commons.commons-codec_1.16.0 [73])
2024-04-08 10:29:02,480 [Worker-8: Launching mavenrun-0189efa1-0f2a-47f1-95d4-fe013b29530c] INFO  o.eclipse.m2e.core.internal.Bundles - 	Entry: C:\Users\ABHMAHES\Downloads\sts-4.21.1.RELEASE\plugins\org.apache.commons.commons-codec_1.16.0.jar
2024-04-08 10:29:02,480 [Worker-8: Launching mavenrun-0189efa1-0f2a-47f1-95d4-fe013b29530c] INFO  o.eclipse.m2e.core.internal.Bundles - getClasspathEntries(Bundle=org.apache.commons.lang3_3.13.0 [77])
2024-04-08 10:29:02,481 [Worker-8: Launching mavenrun-0189efa1-0f2a-47f1-95d4-fe013b29530c] INFO  o.eclipse.m2e.core.internal.Bundles - 	Entry: C:\Users\ABHMAHES\Downloads\sts-4.21.1.RELEASE\plugins\org.apache.commons.lang3_3.13.0.jar
2024-04-08 10:29:02,481 [Worker-8: Launching mavenrun-0189efa1-0f2a-47f1-95d4-fe013b29530c] INFO  o.eclipse.m2e.core.internal.Bundles - getClasspathEntries(Bundle=com.google.guava.failureaccess_1.0.2 [27])
2024-04-08 10:29:02,481 [Worker-8: Launching mavenrun-0189efa1-0f2a-47f1-95d4-fe013b29530c] INFO  o.eclipse.m2e.core.internal.Bundles - 	Entry: C:\Users\ABHMAHES\Downloads\sts-4.21.1.RELEASE\plugins\com.google.guava.failureaccess_1.0.2.jar
2024-04-08 10:29:02,489 [Worker-8: Launching mavenrun-0189efa1-0f2a-47f1-95d4-fe013b29530c] INFO  o.e.m.i.launch.MavenLaunchDelegate - Run build in "C:\Users\ABHMAHES\AppData\Local\Temp\m2e-archetypeGenerator4377586137175357877":
2024-04-08 10:29:02,497 [Worker-8: Launching mavenrun-0189efa1-0f2a-47f1-95d4-fe013b29530c] INFO  o.e.m.i.launch.MavenLaunchDelegate -  mvn  -DarchetypeGroupId=org.apache.maven.archetypes -DarchetypeArtifactId=maven-archetype-archetype -DarchetypeVersion=1.0 -DgroupId=com.employee -DartifactId=employee -Dversion=0.0.1-SNAPSHOT -Dpackage=com.employee -DoutputDirectory="C:\Users\ABHMAHES\Downloads\Spring boot" -Dstyle.color=always -U archetype:generate
2024-04-08 10:29:36,135 [Worker-11: Creating maven-archetype-archetype] INFO  o.e.m.c.i.p.ProjectConfigurationManager - Collecting project info '/pom.xml' C:\Users\ABHMAHES\Downloads\Spring boot\employee\pom.xml
2024-04-08 10:29:36,916 [Worker-11: Creating maven-archetype-archetype] INFO  o.e.m.c.i.l.LifecycleMappingFactory - Using org.eclipse.m2e.jdt.JarLifecycleMapping lifecycle mapping for MavenProject: com.employee:employee:0.0.1-SNAPSHOT @ C:\Users\ABHMAHES\Downloads\Spring boot\employee\pom.xml.
2024-04-08 10:29:37,831 [Worker-11: Creating maven-archetype-archetype] INFO  o.e.m.j.i.AbstractJavaProjectConfigurator - Adding source folder /employee/src/main/java
2024-04-08 10:29:37,833 [Worker-11: Creating maven-archetype-archetype] INFO  o.e.m.j.i.AbstractJavaProjectConfigurator - Adding resource folder /employee/src/main/resources
2024-04-08 10:29:37,836 [Worker-11: Creating maven-archetype-archetype] INFO  o.e.m.j.i.AbstractJavaProjectConfigurator - Adding source folder /employee/src/test/java
2024-04-08 10:29:37,837 [Worker-11: Creating maven-archetype-archetype] INFO  o.e.m.j.i.AbstractJavaProjectConfigurator - Adding resource folder /employee/src/test/resources
2024-04-08 10:29:37,996 [Worker-11: Creating maven-archetype-archetype] INFO  o.e.m.c.i.p.ProjectConfigurationManager - Imported and configured 1 project(s) in 1 sec
2024-04-08 10:29:38,283 [Worker-12: Building] WARN  o.a.m.s.f.DefaultMavenResourcesFiltering - Using platform encoding (Cp1252 actually) to copy filtered resources, i.e. build is platform dependent!
2024-04-08 10:29:38,291 [Worker-12: Building] INFO  o.a.m.s.f.DefaultMavenResourcesFiltering - Copying 4 resources from src\main\resources to target\classes
2024-04-08 10:29:38,322 [Worker-12: Building] WARN  o.a.m.s.f.DefaultMavenResourcesFiltering - Using platform encoding (Cp1252 actually) to copy filtered resources, i.e. build is platform dependent!
2024-04-08 10:29:38,325 [Worker-12: Building] INFO  o.a.m.s.f.DefaultMavenResourcesFiltering - skip non existing resourceDirectory C:\Users\ABHMAHES\Downloads\Spring boot\employee\src\test\resources
2024-04-08 10:30:10,242 [Worker-12: Building] INFO  o.e.m.c.i.l.LifecycleMappingFactory - Using org.eclipse.m2e.jdt.JarLifecycleMapping lifecycle mapping for MavenProject: com.employee:employee:0.0.1-SNAPSHOT @ C:\Users\ABHMAHES\Downloads\Spring boot\employee\pom.xml.
2024-04-08 10:30:10,440 [Worker-12: Building] WARN  o.a.m.s.f.DefaultMavenResourcesFiltering - Using platform encoding (Cp1252 actually) to copy filtered resources, i.e. build is platform dependent!
2024-04-08 10:30:10,449 [Worker-12: Building] INFO  o.a.m.s.f.DefaultMavenResourcesFiltering - Copying 0 resource from src\main\resources to target\classes
2024-04-08 10:30:10,452 [Worker-12: Building] WARN  o.a.m.s.f.DefaultMavenResourcesFiltering - Using platform encoding (Cp1252 actually) to copy filtered resources, i.e. build is platform dependent!
2024-04-08 10:30:10,454 [Worker-12: Building] INFO  o.a.m.s.f.DefaultMavenResourcesFiltering - skip non existing resourceDirectory C:\Users\ABHMAHES\Downloads\Spring boot\employee\src\test\resources
2024-04-08 10:30:58,232 [Worker-14: Building] INFO  o.e.m.c.i.l.LifecycleMappingFactory - Using org.eclipse.m2e.jdt.JarLifecycleMapping lifecycle mapping for MavenProject: com.example:jdbc-crud-demo:1.0-SNAPSHOT @ C:\Users\ABHMAHES\Downloads\Spring boot\employee\pom.xml.
2024-04-08 10:30:58,611 [Worker-14: Building] WARN  o.a.m.s.f.DefaultMavenResourcesFiltering - Using platform encoding (Cp1252 actually) to copy filtered resources, i.e. build is platform dependent!
2024-04-08 10:30:58,619 [Worker-14: Building] INFO  o.a.m.s.f.DefaultMavenResourcesFiltering - Copying 4 resources from src\main\resources to target\classes
2024-04-08 10:30:58,648 [Worker-14: Building] WARN  o.a.m.s.f.DefaultMavenResourcesFiltering - Using platform encoding (Cp1252 actually) to copy filtered resources, i.e. build is platform dependent!
2024-04-08 10:30:58,650 [Worker-14: Building] INFO  o.a.m.s.f.DefaultMavenResourcesFiltering - skip non existing resourceDirectory C:\Users\ABHMAHES\Downloads\Spring boot\employee\src\test\resources
2024-04-08 10:31:11,561 [Worker-5: Updating Maven Project] INFO  o.e.m.c.i.p.ProjectConfigurationManager - Update started
2024-04-08 10:31:11,884 [Worker-5: Updating Maven Project] INFO  o.e.m.c.i.l.LifecycleMappingFactory - Using org.eclipse.m2e.jdt.JarLifecycleMapping lifecycle mapping for MavenProject: com.example:jdbc-crud-demo:1.0-SNAPSHOT @ C:\Users\ABHMAHES\Downloads\Spring boot\employee\pom.xml.
2024-04-08 10:31:12,038 [Worker-5: Updating Maven Project] INFO  o.e.m.j.i.AbstractJavaProjectConfigurator - Adding source folder /employee/src/main/java
2024-04-08 10:31:12,038 [Worker-5: Updating Maven Project] INFO  o.e.m.j.i.AbstractJavaProjectConfigurator - Adding resource folder /employee/src/main/resources
2024-04-08 10:31:12,039 [Worker-5: Updating Maven Project] INFO  o.e.m.j.i.AbstractJavaProjectConfigurator - Adding source folder /employee/src/test/java
2024-04-08 10:31:12,039 [Worker-5: Updating Maven Project] INFO  o.e.m.j.i.AbstractJavaProjectConfigurator - Adding resource folder /employee/src/test/resources
2024-04-08 10:31:12,168 [Worker-5: Updating Maven Project] INFO  o.e.m.c.i.p.ProjectConfigurationManager - Update completed for 1 poms: local refresh takes 0.00 sec, refresh facades takes 0.00 sec, update config takes 0.00 sec 
2024-04-08 10:31:12,296 [Worker-3: Building] WARN  o.a.m.s.f.DefaultMavenResourcesFiltering - Using platform encoding (Cp1252 actually) to copy filtered resources, i.e. build is platform dependent!
2024-04-08 10:31:12,299 [Worker-3: Building] INFO  o.a.m.s.f.DefaultMavenResourcesFiltering - Copying 4 resources from src\main\resources to target\classes
2024-04-08 10:31:12,326 [Worker-3: Building] WARN  o.a.m.s.f.DefaultMavenResourcesFiltering - Using platform encoding (Cp1252 actually) to copy filtered resources, i.e. build is platform dependent!
2024-04-08 10:31:12,329 [Worker-3: Building] INFO  o.a.m.s.f.DefaultMavenResourcesFiltering - skip non existing resourceDirectory C:\Users\ABHMAHES\Downloads\Spring boot\employee\src\test\resources
2024-04-08 10:31:43,898 [ModalContext] INFO  o.e.m.c.i.e.AbstractTransferListenerAdapter - Downloading https://repo.maven.apache.org/maven2/org/apache/maven/archetypes/maven-archetype-webapp/1.0/maven-archetype-webapp-1.0.pom
2024-04-08 10:31:43,920 [ModalContext] INFO  o.e.m.c.i.e.AbstractTransferListenerAdapter - Downloaded https://repo.maven.apache.org/maven2/org/apache/maven/archetypes/maven-archetype-webapp/1.0/maven-archetype-webapp-1.0.pom
2024-04-08 10:31:44,135 [ModalContext] INFO  o.e.m.c.i.e.AbstractTransferListenerAdapter - Downloading https://repo.maven.apache.org/maven2/org/apache/maven/archetypes/maven-archetype-webapp/1.0/maven-archetype-webapp-1.0.jar
2024-04-08 10:31:44,158 [ModalContext] INFO  o.e.m.c.i.e.AbstractTransferListenerAdapter - Downloaded https://repo.maven.apache.org/maven2/org/apache/maven/archetypes/maven-archetype-webapp/1.0/maven-archetype-webapp-1.0.jar
2024-04-08 10:31:54,647 [Worker-6: Launching mavenrun-066bede8-514b-48e6-abcf-c2036d240768] INFO  o.eclipse.m2e.core.internal.Bundles - getClasspathEntries(Bundle=org.eclipse.m2e.maven.runtime_3.9.500.20231113-2345 [346])
2024-04-08 10:31:54,650 [Worker-6: Launching mavenrun-066bede8-514b-48e6-abcf-c2036d240768] INFO  o.eclipse.m2e.core.internal.Bundles - 	Entry: C:\Users\ABHMAHES\Downloads\sts-4.21.1.RELEASE\plugins\org.eclipse.m2e.maven.runtime_3.9.500.20231113-2345
2024-04-08 10:31:54,651 [Worker-6: Launching mavenrun-066bede8-514b-48e6-abcf-c2036d240768] INFO  o.eclipse.m2e.core.internal.Bundles - 	Entry: C:\Users\ABHMAHES\Downloads\sts-4.21.1.RELEASE\plugins\org.eclipse.m2e.maven.runtime_3.9.500.20231113-2345\jars\aopalliance-1.0.jar
2024-04-08 10:31:54,651 [Worker-6: Launching mavenrun-066bede8-514b-48e6-abcf-c2036d240768] INFO  o.eclipse.m2e.core.internal.Bundles - 	Entry: C:\Users\ABHMAHES\Downloads\sts-4.21.1.RELEASE\plugins\org.eclipse.m2e.maven.runtime_3.9.500.20231113-2345\jars\guice-5.1.0.jar
2024-04-08 10:31:54,652 [Worker-6: Launching mavenrun-066bede8-514b-48e6-abcf-c2036d240768] INFO  o.eclipse.m2e.core.internal.Bundles - 	Entry: C:\Users\ABHMAHES\Downloads\sts-4.21.1.RELEASE\plugins\org.eclipse.m2e.maven.runtime_3.9.500.20231113-2345\jars\httpclient-4.5.14.jar
2024-04-08 10:31:54,652 [Worker-6: Launching mavenrun-066bede8-514b-48e6-abcf-c2036d240768] INFO  o.eclipse.m2e.core.internal.Bundles - 	Entry: C:\Users\ABHMAHES\Downloads\sts-4.21.1.RELEASE\plugins\org.eclipse.m2e.maven.runtime_3.9.500.20231113-2345\jars\httpcore-4.4.16.jar
2024-04-08 10:31:54,653 [Worker-6: Launching mavenrun-066bede8-514b-48e6-abcf-c2036d240768] INFO  o.eclipse.m2e.core.internal.Bundles - 	Entry: C:\Users\ABHMAHES\Downloads\sts-4.21.1.RELEASE\plugins\org.eclipse.m2e.maven.runtime_3.9.500.20231113-2345\jars\jansi-2.4.0.jar
2024-04-08 10:31:54,654 [Worker-6: Launching mavenrun-066bede8-514b-48e6-abcf-c2036d240768] INFO  o.eclipse.m2e.core.internal.Bundles - 	Entry: C:\Users\ABHMAHES\Downloads\sts-4.21.1.RELEASE\plugins\org.eclipse.m2e.maven.runtime_3.9.500.20231113-2345\jars\jcl-over-slf4j-1.7.36.jar
2024-04-08 10:31:54,655 [Worker-6: Launching mavenrun-066bede8-514b-48e6-abcf-c2036d240768] INFO  o.eclipse.m2e.core.internal.Bundles - 	Entry: C:\Users\ABHMAHES\Downloads\sts-4.21.1.RELEASE\plugins\org.eclipse.m2e.maven.runtime_3.9.500.20231113-2345\jars\maven-artifact-3.9.5.jar
2024-04-08 10:31:54,655 [Worker-6: Launching mavenrun-066bede8-514b-48e6-abcf-c2036d240768] INFO  o.eclipse.m2e.core.internal.Bundles - 	Entry: C:\Users\ABHMAHES\Downloads\sts-4.21.1.RELEASE\plugins\org.eclipse.m2e.maven.runtime_3.9.500.20231113-2345\jars\maven-builder-support-3.9.5.jar
2024-04-08 10:31:54,656 [Worker-6: Launching mavenrun-066bede8-514b-48e6-abcf-c2036d240768] INFO  o.eclipse.m2e.core.internal.Bundles - 	Entry: C:\Users\ABHMAHES\Downloads\sts-4.21.1.RELEASE\plugins\org.eclipse.m2e.maven.runtime_3.9.500.20231113-2345\jars\maven-compat-3.9.5.jar
2024-04-08 10:31:54,657 [Worker-6: Launching mavenrun-066bede8-514b-48e6-abcf-c2036d240768] INFO  o.eclipse.m2e.core.internal.Bundles - 	Entry: C:\Users\ABHMAHES\Downloads\sts-4.21.1.RELEASE\plugins\org.eclipse.m2e.maven.runtime_3.9.500.20231113-2345\jars\maven-core-3.9.5.jar
2024-04-08 10:31:54,657 [Worker-6: Launching mavenrun-066bede8-514b-48e6-abcf-c2036d240768] INFO  o.eclipse.m2e.core.internal.Bundles - 	Entry: C:\Users\ABHMAHES\Downloads\sts-4.21.1.RELEASE\plugins\org.eclipse.m2e.maven.runtime_3.9.500.20231113-2345\jars\maven-embedder-3.9.5.jar
2024-04-08 10:31:54,658 [Worker-6: Launching mavenrun-066bede8-514b-48e6-abcf-c2036d240768] INFO  o.eclipse.m2e.core.internal.Bundles - 	Entry: C:\Users\ABHMAHES\Downloads\sts-4.21.1.RELEASE\plugins\org.eclipse.m2e.maven.runtime_3.9.500.20231113-2345\jars\maven-model-3.9.5.jar
2024-04-08 10:31:54,659 [Worker-6: Launching mavenrun-066bede8-514b-48e6-abcf-c2036d240768] INFO  o.eclipse.m2e.core.internal.Bundles - 	Entry: C:\Users\ABHMAHES\Downloads\sts-4.21.1.RELEASE\plugins\org.eclipse.m2e.maven.runtime_3.9.500.20231113-2345\jars\maven-model-builder-3.9.5.jar
2024-04-08 10:31:54,659 [Worker-6: Launching mavenrun-066bede8-514b-48e6-abcf-c2036d240768] INFO  o.eclipse.m2e.core.internal.Bundles - 	Entry: C:\Users\ABHMAHES\Downloads\sts-4.21.1.RELEASE\plugins\org.eclipse.m2e.maven.runtime_3.9.500.20231113-2345\jars\maven-plugin-api-3.9.5.jar
2024-04-08 10:31:54,660 [Worker-6: Launching mavenrun-066bede8-514b-48e6-abcf-c2036d240768] INFO  o.eclipse.m2e.core.internal.Bundles - 	Entry: C:\Users\ABHMAHES\Downloads\sts-4.21.1.RELEASE\plugins\org.eclipse.m2e.maven.runtime_3.9.500.20231113-2345\jars\maven-repository-metadata-3.9.5.jar
2024-04-08 10:31:54,660 [Worker-6: Launching mavenrun-066bede8-514b-48e6-abcf-c2036d240768] INFO  o.eclipse.m2e.core.internal.Bundles - 	Entry: C:\Users\ABHMAHES\Downloads\sts-4.21.1.RELEASE\plugins\org.eclipse.m2e.maven.runtime_3.9.500.20231113-2345\jars\maven-resolver-api-1.9.16.jar
2024-04-08 10:31:54,661 [Worker-6: Launching mavenrun-066bede8-514b-48e6-abcf-c2036d240768] INFO  o.eclipse.m2e.core.internal.Bundles - 	Entry: C:\Users\ABHMAHES\Downloads\sts-4.21.1.RELEASE\plugins\org.eclipse.m2e.maven.runtime_3.9.500.20231113-2345\jars\maven-resolver-connector-basic-1.9.16.jar
2024-04-08 10:31:54,661 [Worker-6: Launching mavenrun-066bede8-514b-48e6-abcf-c2036d240768] INFO  o.eclipse.m2e.core.internal.Bundles - 	Entry: C:\Users\ABHMAHES\Downloads\sts-4.21.1.RELEASE\plugins\org.eclipse.m2e.maven.runtime_3.9.500.20231113-2345\jars\maven-resolver-impl-1.9.16.jar
2024-04-08 10:31:54,662 [Worker-6: Launching mavenrun-066bede8-514b-48e6-abcf-c2036d240768] INFO  o.eclipse.m2e.core.internal.Bundles - 	Entry: C:\Users\ABHMAHES\Downloads\sts-4.21.1.RELEASE\plugins\org.eclipse.m2e.maven.runtime_3.9.500.20231113-2345\jars\maven-resolver-named-locks-1.9.16.jar
2024-04-08 10:31:54,662 [Worker-6: Launching mavenrun-066bede8-514b-48e6-abcf-c2036d240768] INFO  o.eclipse.m2e.core.internal.Bundles - 	Entry: C:\Users\ABHMAHES\Downloads\sts-4.21.1.RELEASE\plugins\org.eclipse.m2e.maven.runtime_3.9.500.20231113-2345\jars\maven-resolver-provider-3.9.5.jar
2024-04-08 10:31:54,662 [Worker-6: Launching mavenrun-066bede8-514b-48e6-abcf-c2036d240768] INFO  o.eclipse.m2e.core.internal.Bundles - 	Entry: C:\Users\ABHMAHES\Downloads\sts-4.21.1.RELEASE\plugins\org.eclipse.m2e.maven.runtime_3.9.500.20231113-2345\jars\maven-resolver-spi-1.9.16.jar
2024-04-08 10:31:54,663 [Worker-6: Launching mavenrun-066bede8-514b-48e6-abcf-c2036d240768] INFO  o.eclipse.m2e.core.internal.Bundles - 	Entry: C:\Users\ABHMAHES\Downloads\sts-4.21.1.RELEASE\plugins\org.eclipse.m2e.maven.runtime_3.9.500.20231113-2345\jars\maven-resolver-transport-file-1.9.16.jar
2024-04-08 10:31:54,663 [Worker-6: Launching mavenrun-066bede8-514b-48e6-abcf-c2036d240768] INFO  o.eclipse.m2e.core.internal.Bundles - 	Entry: C:\Users\ABHMAHES\Downloads\sts-4.21.1.RELEASE\plugins\org.eclipse.m2e.maven.runtime_3.9.500.20231113-2345\jars\maven-resolver-transport-http-1.9.16.jar
2024-04-08 10:31:54,663 [Worker-6: Launching mavenrun-066bede8-514b-48e6-abcf-c2036d240768] INFO  o.eclipse.m2e.core.internal.Bundles - 	Entry: C:\Users\ABHMAHES\Downloads\sts-4.21.1.RELEASE\plugins\org.eclipse.m2e.maven.runtime_3.9.500.20231113-2345\jars\maven-resolver-transport-wagon-1.9.16.jar
2024-04-08 10:31:54,664 [Worker-6: Launching mavenrun-066bede8-514b-48e6-abcf-c2036d240768] INFO  o.eclipse.m2e.core.internal.Bundles - 	Entry: C:\Users\ABHMAHES\Downloads\sts-4.21.1.RELEASE\plugins\org.eclipse.m2e.maven.runtime_3.9.500.20231113-2345\jars\maven-resolver-util-1.9.16.jar
2024-04-08 10:31:54,664 [Worker-6: Launching mavenrun-066bede8-514b-48e6-abcf-c2036d240768] INFO  o.eclipse.m2e.core.internal.Bundles - 	Entry: C:\Users\ABHMAHES\Downloads\sts-4.21.1.RELEASE\plugins\org.eclipse.m2e.maven.runtime_3.9.500.20231113-2345\jars\maven-settings-3.9.5.jar
2024-04-08 10:31:54,664 [Worker-6: Launching mavenrun-066bede8-514b-48e6-abcf-c2036d240768] INFO  o.eclipse.m2e.core.internal.Bundles - 	Entry: C:\Users\ABHMAHES\Downloads\sts-4.21.1.RELEASE\plugins\org.eclipse.m2e.maven.runtime_3.9.500.20231113-2345\jars\maven-settings-builder-3.9.5.jar
2024-04-08 10:31:54,665 [Worker-6: Launching mavenrun-066bede8-514b-48e6-abcf-c2036d240768] INFO  o.eclipse.m2e.core.internal.Bundles - 	Entry: C:\Users\ABHMAHES\Downloads\sts-4.21.1.RELEASE\plugins\org.eclipse.m2e.maven.runtime_3.9.500.20231113-2345\jars\maven-shared-utils-3.3.4.jar
2024-04-08 10:31:54,665 [Worker-6: Launching mavenrun-066bede8-514b-48e6-abcf-c2036d240768] INFO  o.eclipse.m2e.core.internal.Bundles - 	Entry: C:\Users\ABHMAHES\Downloads\sts-4.21.1.RELEASE\plugins\org.eclipse.m2e.maven.runtime_3.9.500.20231113-2345\jars\org.eclipse.sisu.inject-0.3.5.jar
2024-04-08 10:31:54,665 [Worker-6: Launching mavenrun-066bede8-514b-48e6-abcf-c2036d240768] INFO  o.eclipse.m2e.core.internal.Bundles - 	Entry: C:\Users\ABHMAHES\Downloads\sts-4.21.1.RELEASE\plugins\org.eclipse.m2e.maven.runtime_3.9.500.20231113-2345\jars\org.eclipse.sisu.plexus-0.3.5.jar
2024-04-08 10:31:54,666 [Worker-6: Launching mavenrun-066bede8-514b-48e6-abcf-c2036d240768] INFO  o.eclipse.m2e.core.internal.Bundles - 	Entry: C:\Users\ABHMAHES\Downloads\sts-4.21.1.RELEASE\plugins\org.eclipse.m2e.maven.runtime_3.9.500.20231113-2345\jars\plexus-build-api-0.0.7.jar
2024-04-08 10:31:54,666 [Worker-6: Launching mavenrun-066bede8-514b-48e6-abcf-c2036d240768] INFO  o.eclipse.m2e.core.internal.Bundles - 	Entry: C:\Users\ABHMAHES\Downloads\sts-4.21.1.RELEASE\plugins\org.eclipse.m2e.maven.runtime_3.9.500.20231113-2345\jars\plexus-cipher-2.0.jar
2024-04-08 10:31:54,666 [Worker-6: Launching mavenrun-066bede8-514b-48e6-abcf-c2036d240768] INFO  o.eclipse.m2e.core.internal.Bundles - 	Entry: C:\Users\ABHMAHES\Downloads\sts-4.21.1.RELEASE\plugins\org.eclipse.m2e.maven.runtime_3.9.500.20231113-2345\jars\plexus-classworlds-2.7.0.jar
2024-04-08 10:31:54,667 [Worker-6: Launching mavenrun-066bede8-514b-48e6-abcf-c2036d240768] INFO  o.eclipse.m2e.core.internal.Bundles - 	Entry: C:\Users\ABHMAHES\Downloads\sts-4.21.1.RELEASE\plugins\org.eclipse.m2e.maven.runtime_3.9.500.20231113-2345\jars\plexus-component-annotations-2.1.0.jar
2024-04-08 10:31:54,667 [Worker-6: Launching mavenrun-066bede8-514b-48e6-abcf-c2036d240768] INFO  o.eclipse.m2e.core.internal.Bundles - 	Entry: C:\Users\ABHMAHES\Downloads\sts-4.21.1.RELEASE\plugins\org.eclipse.m2e.maven.runtime_3.9.500.20231113-2345\jars\plexus-interpolation-1.26.jar
2024-04-08 10:31:54,667 [Worker-6: Launching mavenrun-066bede8-514b-48e6-abcf-c2036d240768] INFO  o.eclipse.m2e.core.internal.Bundles - 	Entry: C:\Users\ABHMAHES\Downloads\sts-4.21.1.RELEASE\plugins\org.eclipse.m2e.maven.runtime_3.9.500.20231113-2345\jars\plexus-sec-dispatcher-2.0.jar
2024-04-08 10:31:54,668 [Worker-6: Launching mavenrun-066bede8-514b-48e6-abcf-c2036d240768] INFO  o.eclipse.m2e.core.internal.Bundles - 	Entry: C:\Users\ABHMAHES\Downloads\sts-4.21.1.RELEASE\plugins\org.eclipse.m2e.maven.runtime_3.9.500.20231113-2345\jars\plexus-utils-3.5.1.jar
2024-04-08 10:31:54,668 [Worker-6: Launching mavenrun-066bede8-514b-48e6-abcf-c2036d240768] INFO  o.eclipse.m2e.core.internal.Bundles - 	Entry: C:\Users\ABHMAHES\Downloads\sts-4.21.1.RELEASE\plugins\org.eclipse.m2e.maven.runtime_3.9.500.20231113-2345\jars\wagon-file-3.5.3.jar
2024-04-08 10:31:54,668 [Worker-6: Launching mavenrun-066bede8-514b-48e6-abcf-c2036d240768] INFO  o.eclipse.m2e.core.internal.Bundles - 	Entry: C:\Users\ABHMAHES\Downloads\sts-4.21.1.RELEASE\plugins\org.eclipse.m2e.maven.runtime_3.9.500.20231113-2345\jars\wagon-http-3.5.3.jar
2024-04-08 10:31:54,668 [Worker-6: Launching mavenrun-066bede8-514b-48e6-abcf-c2036d240768] INFO  o.eclipse.m2e.core.internal.Bundles - 	Entry: C:\Users\ABHMAHES\Downloads\sts-4.21.1.RELEASE\plugins\org.eclipse.m2e.maven.runtime_3.9.500.20231113-2345\jars\wagon-http-shared-3.5.3.jar
2024-04-08 10:31:54,669 [Worker-6: Launching mavenrun-066bede8-514b-48e6-abcf-c2036d240768] INFO  o.eclipse.m2e.core.internal.Bundles - 	Entry: C:\Users\ABHMAHES\Downloads\sts-4.21.1.RELEASE\plugins\org.eclipse.m2e.maven.runtime_3.9.500.20231113-2345\jars\wagon-provider-api-3.5.3.jar
2024-04-08 10:31:54,669 [Worker-6: Launching mavenrun-066bede8-514b-48e6-abcf-c2036d240768] INFO  o.eclipse.m2e.core.internal.Bundles - getClasspathEntries(Bundle=com.google.guava_33.0.0.jre [25])
2024-04-08 10:31:54,670 [Worker-6: Launching mavenrun-066bede8-514b-48e6-abcf-c2036d240768] INFO  o.eclipse.m2e.core.internal.Bundles - 	Entry: C:\Users\ABHMAHES\Downloads\sts-4.21.1.RELEASE\plugins\com.google.guava_33.0.0.jre.jar
2024-04-08 10:31:54,670 [Worker-6: Launching mavenrun-066bede8-514b-48e6-abcf-c2036d240768] INFO  o.eclipse.m2e.core.internal.Bundles - getClasspathEntries(Bundle=slf4j.api_2.0.9 [573])
2024-04-08 10:31:54,671 [Worker-6: Launching mavenrun-066bede8-514b-48e6-abcf-c2036d240768] INFO  o.eclipse.m2e.core.internal.Bundles - 	Entry: C:\Users\ABHMAHES\Downloads\sts-4.21.1.RELEASE\plugins\slf4j.api_2.0.9.jar
2024-04-08 10:31:54,671 [Worker-6: Launching mavenrun-066bede8-514b-48e6-abcf-c2036d240768] INFO  o.eclipse.m2e.core.internal.Bundles - getClasspathEntries(Bundle=jakarta.inject.jakarta.inject-api_1.0.5 [41])
2024-04-08 10:31:54,672 [Worker-6: Launching mavenrun-066bede8-514b-48e6-abcf-c2036d240768] INFO  o.eclipse.m2e.core.internal.Bundles - 	Entry: C:\Users\ABHMAHES\Downloads\sts-4.21.1.RELEASE\plugins\jakarta.inject.jakarta.inject-api_1.0.5.jar
2024-04-08 10:31:54,672 [Worker-6: Launching mavenrun-066bede8-514b-48e6-abcf-c2036d240768] INFO  o.eclipse.m2e.core.internal.Bundles - getClasspathEntries(Bundle=jakarta.annotation-api_1.3.5 [37])
2024-04-08 10:31:54,673 [Worker-6: Launching mavenrun-066bede8-514b-48e6-abcf-c2036d240768] INFO  o.eclipse.m2e.core.internal.Bundles - 	Entry: C:\Users\ABHMAHES\Downloads\sts-4.21.1.RELEASE\plugins\jakarta.annotation-api_1.3.5.jar
2024-04-08 10:31:54,673 [Worker-6: Launching mavenrun-066bede8-514b-48e6-abcf-c2036d240768] INFO  o.eclipse.m2e.core.internal.Bundles - getClasspathEntries(Bundle=org.apache.commons.cli_1.6.0 [71])
2024-04-08 10:31:54,674 [Worker-6: Launching mavenrun-066bede8-514b-48e6-abcf-c2036d240768] INFO  o.eclipse.m2e.core.internal.Bundles - 	Entry: C:\Users\ABHMAHES\Downloads\sts-4.21.1.RELEASE\plugins\org.apache.commons.cli_1.6.0.jar
2024-04-08 10:31:54,674 [Worker-6: Launching mavenrun-066bede8-514b-48e6-abcf-c2036d240768] INFO  o.eclipse.m2e.core.internal.Bundles - getClasspathEntries(Bundle=org.apache.commons.commons-codec_1.16.0 [73])
2024-04-08 10:31:54,675 [Worker-6: Launching mavenrun-066bede8-514b-48e6-abcf-c2036d240768] INFO  o.eclipse.m2e.core.internal.Bundles - 	Entry: C:\Users\ABHMAHES\Downloads\sts-4.21.1.RELEASE\plugins\org.apache.commons.commons-codec_1.16.0.jar
2024-04-08 10:31:54,675 [Worker-6: Launching mavenrun-066bede8-514b-48e6-abcf-c2036d240768] INFO  o.eclipse.m2e.core.internal.Bundles - getClasspathEntries(Bundle=org.apache.commons.lang3_3.13.0 [77])
2024-04-08 10:31:54,676 [Worker-6: Launching mavenrun-066bede8-514b-48e6-abcf-c2036d240768] INFO  o.eclipse.m2e.core.internal.Bundles - 	Entry: C:\Users\ABHMAHES\Downloads\sts-4.21.1.RELEASE\plugins\org.apache.commons.lang3_3.13.0.jar
2024-04-08 10:31:54,676 [Worker-6: Launching mavenrun-066bede8-514b-48e6-abcf-c2036d240768] INFO  o.eclipse.m2e.core.internal.Bundles - getClasspathEntries(Bundle=com.google.guava.failureaccess_1.0.2 [27])
2024-04-08 10:31:54,677 [Worker-6: Launching mavenrun-066bede8-514b-48e6-abcf-c2036d240768] INFO  o.eclipse.m2e.core.internal.Bundles - 	Entry: C:\Users\ABHMAHES\Downloads\sts-4.21.1.RELEASE\plugins\com.google.guava.failureaccess_1.0.2.jar
2024-04-08 10:31:54,681 [Worker-6: Launching mavenrun-066bede8-514b-48e6-abcf-c2036d240768] INFO  o.e.m.i.launch.MavenLaunchDelegate - Run build in "C:\Users\ABHMAHES\AppData\Local\Temp\m2e-archetypeGenerator12983915360198261031":
2024-04-08 10:31:54,682 [Worker-6: Launching mavenrun-066bede8-514b-48e6-abcf-c2036d240768] INFO  o.e.m.i.launch.MavenLaunchDelegate -  mvn  -DarchetypeGroupId=org.apache.maven.archetypes -DarchetypeArtifactId=maven-archetype-webapp -DarchetypeVersion=1.0 -DgroupId=com.employee -DartifactId=crud -Dversion=0.0.1-SNAPSHOT -Dpackage=com.employee.crud -DoutputDirectory="C:\Users\ABHMAHES\Downloads\Spring boot" -Dstyle.color=always -U archetype:generate
2024-04-08 10:32:03,814 [Worker-8: Creating maven-archetype-webapp] INFO  o.e.m.c.i.p.ProjectConfigurationManager - Collecting project info '/pom.xml' C:\Users\ABHMAHES\Downloads\Spring boot\crud\pom.xml
2024-04-08 10:32:04,008 [Worker-8: Creating maven-archetype-webapp] INFO  o.e.m.c.i.e.AbstractTransferListenerAdapter - Downloading https://repo.maven.apache.org/maven2/org/apache/maven/plugins/maven-war-plugin/3.4.0/maven-war-plugin-3.4.0.jar
2024-04-08 10:32:04,078 [Worker-8: Creating maven-archetype-webapp] INFO  o.e.m.c.i.e.AbstractTransferListenerAdapter - Downloaded https://repo.maven.apache.org/maven2/org/apache/maven/plugins/maven-war-plugin/3.4.0/maven-war-plugin-3.4.0.jar
2024-04-08 10:32:04,319 [Worker-8: Creating maven-archetype-webapp] INFO  o.e.m.c.i.l.LifecycleMappingFactory - Using org.maven.ide.eclipse.wtp.WarLifecycleMapping lifecycle mapping for MavenProject: com.employee:crud:0.0.1-SNAPSHOT @ C:\Users\ABHMAHES\Downloads\Spring boot\crud\pom.xml.
2024-04-08 10:32:04,363 [Worker-8: Creating maven-archetype-webapp] INFO  o.e.m.c.i.e.AbstractTransferListenerAdapter - Downloading https://repo.maven.apache.org/maven2/junit/junit/3.8.1/junit-3.8.1.pom
2024-04-08 10:32:04,373 [Worker-8: Creating maven-archetype-webapp] INFO  o.e.m.c.i.e.AbstractTransferListenerAdapter - Downloaded https://repo.maven.apache.org/maven2/junit/junit/3.8.1/junit-3.8.1.pom
2024-04-08 10:32:04,426 [Worker-8: Creating maven-archetype-webapp] INFO  o.e.m.c.i.e.AbstractTransferListenerAdapter - Downloading https://repo.maven.apache.org/maven2/junit/junit/3.8.1/junit-3.8.1.jar
2024-04-08 10:32:04,463 [Worker-8: Creating maven-archetype-webapp] INFO  o.e.m.c.i.e.AbstractTransferListenerAdapter - Downloaded https://repo.maven.apache.org/maven2/junit/junit/3.8.1/junit-3.8.1.jar
2024-04-08 10:32:04,538 [Worker-8: Creating maven-archetype-webapp] INFO  o.e.m.c.i.e.AbstractTransferListenerAdapter - Downloading https://repo.maven.apache.org/maven2/org/apache/maven/plugins/maven-war-plugin/3.4.0/maven-war-plugin-3.4.0.pom
2024-04-08 10:32:04,547 [Worker-8: Creating maven-archetype-webapp] INFO  o.e.m.c.i.e.AbstractTransferListenerAdapter - Downloaded https://repo.maven.apache.org/maven2/org/apache/maven/plugins/maven-war-plugin/3.4.0/maven-war-plugin-3.4.0.pom
2024-04-08 10:32:04,655 [Worker-8: Creating maven-archetype-webapp] INFO  o.e.m.c.i.e.AbstractTransferListenerAdapter - Downloading https://repo.maven.apache.org/maven2/org/apache/maven/shared/maven-shared-utils/3.4.2/maven-shared-utils-3.4.2.pom
2024-04-08 10:32:04,665 [Worker-8: Creating maven-archetype-webapp] INFO  o.e.m.c.i.e.AbstractTransferListenerAdapter - Downloaded https://repo.maven.apache.org/maven2/org/apache/maven/shared/maven-shared-utils/3.4.2/maven-shared-utils-3.4.2.pom
2024-04-08 10:32:04,735 [Worker-8: Creating maven-archetype-webapp] INFO  o.e.m.c.i.e.AbstractTransferListenerAdapter - Downloading https://repo.maven.apache.org/maven2/org/codehaus/plexus/plexus-archiver/4.7.1/plexus-archiver-4.7.1.pom
2024-04-08 10:32:04,745 [Worker-8: Creating maven-archetype-webapp] INFO  o.e.m.c.i.e.AbstractTransferListenerAdapter - Downloaded https://repo.maven.apache.org/maven2/org/codehaus/plexus/plexus-archiver/4.7.1/plexus-archiver-4.7.1.pom
2024-04-08 10:32:04,797 [Worker-8: Creating maven-archetype-webapp] INFO  o.e.m.c.i.e.AbstractTransferListenerAdapter - Downloading https://repo.maven.apache.org/maven2/org/codehaus/plexus/plexus-io/3.4.1/plexus-io-3.4.1.pom
2024-04-08 10:32:04,807 [Worker-8: Creating maven-archetype-webapp] INFO  o.e.m.c.i.e.AbstractTransferListenerAdapter - Downloaded https://repo.maven.apache.org/maven2/org/codehaus/plexus/plexus-io/3.4.1/plexus-io-3.4.1.pom
2024-04-08 10:32:04,856 [Worker-8: Creating maven-archetype-webapp] INFO  o.e.m.c.i.e.AbstractTransferListenerAdapter - Downloading https://repo.maven.apache.org/maven2/org/apache/commons/commons-compress/1.23.0/commons-compress-1.23.0.pom
2024-04-08 10:32:04,867 [Worker-8: Creating maven-archetype-webapp] INFO  o.e.m.c.i.e.AbstractTransferListenerAdapter - Downloaded https://repo.maven.apache.org/maven2/org/apache/commons/commons-compress/1.23.0/commons-compress-1.23.0.pom
2024-04-08 10:32:04,925 [Worker-8: Creating maven-archetype-webapp] INFO  o.e.m.c.i.e.AbstractTransferListenerAdapter - Downloading https://repo.maven.apache.org/maven2/com/github/luben/zstd-jni/1.5.5-2/zstd-jni-1.5.5-2.pom
2024-04-08 10:32:04,934 [Worker-8: Creating maven-archetype-webapp] INFO  o.e.m.c.i.e.AbstractTransferListenerAdapter - Downloaded https://repo.maven.apache.org/maven2/com/github/luben/zstd-jni/1.5.5-2/zstd-jni-1.5.5-2.pom
2024-04-08 10:32:04,998 [Worker-8: Creating maven-archetype-webapp] INFO  o.e.m.c.i.e.AbstractTransferListenerAdapter - Downloading https://repo.maven.apache.org/maven2/org/apache/maven/shared/maven-mapping/3.0.0/maven-mapping-3.0.0.pom
2024-04-08 10:32:05,008 [Worker-8: Creating maven-archetype-webapp] INFO  o.e.m.c.i.e.AbstractTransferListenerAdapter - Downloaded https://repo.maven.apache.org/maven2/org/apache/maven/shared/maven-mapping/3.0.0/maven-mapping-3.0.0.pom
2024-04-08 10:32:05,137 [Worker-8: Creating maven-archetype-webapp] INFO  o.e.m.c.i.e.AbstractTransferListenerAdapter - Downloading https://repo.maven.apache.org/maven2/org/codehaus/plexus/plexus-component-annotations/1.5.4/plexus-component-annotations-1.5.4.pom
2024-04-08 10:32:05,148 [Worker-8: Creating maven-archetype-webapp] INFO  o.e.m.c.i.e.AbstractTransferListenerAdapter - Downloaded https://repo.maven.apache.org/maven2/org/codehaus/plexus/plexus-component-annotations/1.5.4/plexus-component-annotations-1.5.4.pom
2024-04-08 10:32:05,196 [Worker-8: Creating maven-archetype-webapp] INFO  o.e.m.c.i.e.AbstractTransferListenerAdapter - Downloading https://repo.maven.apache.org/maven2/org/codehaus/plexus/plexus-containers/1.5.4/plexus-containers-1.5.4.pom
2024-04-08 10:32:05,215 [Worker-8: Creating maven-archetype-webapp] INFO  o.e.m.c.i.e.AbstractTransferListenerAdapter - Downloaded https://repo.maven.apache.org/maven2/org/codehaus/plexus/plexus-containers/1.5.4/plexus-containers-1.5.4.pom
2024-04-08 10:32:05,273 [Worker-8: Creating maven-archetype-webapp] INFO  o.e.m.c.i.e.AbstractTransferListenerAdapter - Downloading https://repo.maven.apache.org/maven2/org/codehaus/plexus/plexus/2.0.5/plexus-2.0.5.pom
2024-04-08 10:32:05,295 [Worker-8: Creating maven-archetype-webapp] INFO  o.e.m.c.i.e.AbstractTransferListenerAdapter - Downloaded https://repo.maven.apache.org/maven2/org/codehaus/plexus/plexus/2.0.5/plexus-2.0.5.pom
2024-04-08 10:32:05,494 [Worker-8: Creating maven-archetype-webapp] INFO  o.e.m.c.i.e.AbstractTransferListenerAdapter - Downloading https://repo.maven.apache.org/maven2/org/apache/maven/shared/maven-shared-utils/3.4.2/maven-shared-utils-3.4.2.jar
2024-04-08 10:32:05,530 [Worker-8: Creating maven-archetype-webapp] INFO  o.e.m.c.i.e.AbstractTransferListenerAdapter - Downloaded https://repo.maven.apache.org/maven2/org/apache/maven/shared/maven-shared-utils/3.4.2/maven-shared-utils-3.4.2.jar
2024-04-08 10:32:05,574 [BasicRepositoryConnector-repo.maven.apache.org-0-0] INFO  o.e.m.c.i.e.AbstractTransferListenerAdapter - Downloading https://repo.maven.apache.org/maven2/org/codehaus/plexus/plexus-archiver/4.7.1/plexus-archiver-4.7.1.jar
2024-04-08 10:32:05,638 [BasicRepositoryConnector-repo.maven.apache.org-0-0] INFO  o.e.m.c.i.e.AbstractTransferListenerAdapter - Downloaded https://repo.maven.apache.org/maven2/org/codehaus/plexus/plexus-archiver/4.7.1/plexus-archiver-4.7.1.jar
2024-04-08 10:32:05,660 [BasicRepositoryConnector-repo.maven.apache.org-0-2] INFO  o.e.m.c.i.e.AbstractTransferListenerAdapter - Downloading https://repo.maven.apache.org/maven2/com/github/luben/zstd-jni/1.5.5-2/zstd-jni-1.5.5-2.jar
2024-04-08 10:32:05,665 [BasicRepositoryConnector-repo.maven.apache.org-0-3] INFO  o.e.m.c.i.e.AbstractTransferListenerAdapter - Downloading https://repo.maven.apache.org/maven2/org/apache/maven/shared/maven-mapping/3.0.0/maven-mapping-3.0.0.jar
2024-04-08 10:32:05,670 [BasicRepositoryConnector-repo.maven.apache.org-0-1] INFO  o.e.m.c.i.e.AbstractTransferListenerAdapter - Downloading https://repo.maven.apache.org/maven2/org/apache/commons/commons-compress/1.23.0/commons-compress-1.23.0.jar
2024-04-08 10:32:05,696 [BasicRepositoryConnector-repo.maven.apache.org-0-3] INFO  o.e.m.c.i.e.AbstractTransferListenerAdapter - Downloaded https://repo.maven.apache.org/maven2/org/apache/maven/shared/maven-mapping/3.0.0/maven-mapping-3.0.0.jar
2024-04-08 10:32:05,916 [BasicRepositoryConnector-repo.maven.apache.org-0-1] INFO  o.e.m.c.i.e.AbstractTransferListenerAdapter - Downloaded https://repo.maven.apache.org/maven2/org/apache/commons/commons-compress/1.23.0/commons-compress-1.23.0.jar
2024-04-08 10:32:06,244 [BasicRepositoryConnector-repo.maven.apache.org-0-2] INFO  o.e.m.c.i.e.AbstractTransferListenerAdapter - Downloaded https://repo.maven.apache.org/maven2/com/github/luben/zstd-jni/1.5.5-2/zstd-jni-1.5.5-2.jar
2024-04-08 10:32:06,534 [Worker-8: Creating maven-archetype-webapp] INFO  o.e.m.j.i.AbstractJavaProjectConfigurator - Adding source folder /crud/src/main/java
2024-04-08 10:32:06,535 [Worker-8: Creating maven-archetype-webapp] INFO  o.e.m.j.i.AbstractJavaProjectConfigurator - Adding resource folder /crud/src/main/resources
2024-04-08 10:32:06,535 [Worker-8: Creating maven-archetype-webapp] INFO  o.e.m.j.i.AbstractJavaProjectConfigurator - Adding source folder /crud/src/test/java
2024-04-08 10:32:06,535 [Worker-8: Creating maven-archetype-webapp] INFO  o.e.m.j.i.AbstractJavaProjectConfigurator - Adding resource folder /crud/src/test/resources
2024-04-08 10:32:06,971 [Worker-8: Creating maven-archetype-webapp] INFO  o.e.m.c.i.p.ProjectConfigurationManager - Imported and configured 1 project(s) in 3 sec
2024-04-08 10:32:07,157 [Worker-14: Building] WARN  o.a.m.s.f.DefaultMavenResourcesFiltering - Using platform encoding (Cp1252 actually) to copy filtered resources, i.e. build is platform dependent!
2024-04-08 10:32:07,160 [Worker-14: Building] INFO  o.a.m.s.f.DefaultMavenResourcesFiltering - Copying 0 resource from src\main\resources to target\classes
2024-04-08 10:32:07,165 [Worker-14: Building] WARN  o.a.m.s.f.DefaultMavenResourcesFiltering - Using platform encoding (Cp1252 actually) to copy filtered resources, i.e. build is platform dependent!
2024-04-08 10:32:07,168 [Worker-14: Building] INFO  o.a.m.s.f.DefaultMavenResourcesFiltering - skip non existing resourceDirectory C:\Users\ABHMAHES\Downloads\Spring boot\crud\src\test\resources
2024-04-08 10:32:07,665 [Worker-4: Download sources and javadoc] INFO  o.e.m.c.i.e.AbstractTransferListenerAdapter - Downloading https://repo.maven.apache.org/maven2/junit/junit/3.8.1/junit-3.8.1-sources.jar
2024-04-08 10:32:07,733 [Worker-4: Download sources and javadoc] INFO  o.e.m.c.i.e.AbstractTransferListenerAdapter - Downloaded https://repo.maven.apache.org/maven2/junit/junit/3.8.1/junit-3.8.1-sources.jar
2024-04-08 10:32:07,743 [Worker-4: Download sources and javadoc] INFO  o.e.m.j.internal.DownloadSourcesJob - Downloaded sources for junit:junit:3.8.1
2024-04-08 10:32:24,348 [Worker-10: Building] INFO  o.e.m.c.i.l.LifecycleMappingFactory - Using org.maven.ide.eclipse.wtp.WarLifecycleMapping lifecycle mapping for MavenProject: com.employee:crud:0.0.1-SNAPSHOT @ C:\Users\ABHMAHES\Downloads\Spring boot\crud\pom.xml.
2024-04-08 10:32:25,182 [Worker-10: Building] WARN  o.a.m.s.f.DefaultMavenResourcesFiltering - Using platform encoding (Cp1252 actually) to copy filtered resources, i.e. build is platform dependent!
2024-04-08 10:32:25,190 [Worker-10: Building] INFO  o.a.m.s.f.DefaultMavenResourcesFiltering - Copying 0 resource from src\main\resources to target\classes
2024-04-08 10:32:25,195 [Worker-10: Building] WARN  o.a.m.s.f.DefaultMavenResourcesFiltering - Using platform encoding (Cp1252 actually) to copy filtered resources, i.e. build is platform dependent!
2024-04-08 10:32:25,197 [Worker-10: Building] INFO  o.a.m.s.f.DefaultMavenResourcesFiltering - skip non existing resourceDirectory C:\Users\ABHMAHES\Downloads\Spring boot\crud\src\test\resources
2024-04-08 10:32:25,199 [Worker-10: Building] INFO  o.e.m.w.i.f.ResourceFilteringBuildParticipant - Changed resources require a complete clean of filtered resources of crud
2024-04-08 10:32:25,200 [Worker-10: Building] INFO  o.e.m.w.i.f.ResourceFilteringBuildParticipant - Executing resource filtering for crud
2024-04-08 10:33:08,737 [Worker-10: Building] WARN  o.a.m.s.f.DefaultMavenResourcesFiltering - Using platform encoding (Cp1252 actually) to copy filtered resources, i.e. build is platform dependent!
2024-04-08 10:33:08,740 [Worker-10: Building] INFO  o.a.m.s.f.DefaultMavenResourcesFiltering - Copying 0 resource from src\main\resources to target\classes
2024-04-08 10:33:08,744 [Worker-10: Building] WARN  o.a.m.s.f.DefaultMavenResourcesFiltering - Using platform encoding (Cp1252 actually) to copy filtered resources, i.e. build is platform dependent!
2024-04-08 10:33:08,747 [Worker-10: Building] INFO  o.a.m.s.f.DefaultMavenResourcesFiltering - skip non existing resourceDirectory C:\Users\ABHMAHES\Downloads\Spring boot\crud\src\test\resources
2024-04-08 10:33:28,304 [Worker-3: Building] WARN  o.a.m.s.f.DefaultMavenResourcesFiltering - Using platform encoding (Cp1252 actually) to copy filtered resources, i.e. build is platform dependent!
2024-04-08 10:33:28,307 [Worker-3: Building] INFO  o.a.m.s.f.DefaultMavenResourcesFiltering - Copying 0 resource from src\main\resources to target\classes
2024-04-08 10:33:28,311 [Worker-3: Building] WARN  o.a.m.s.f.DefaultMavenResourcesFiltering - Using platform encoding (Cp1252 actually) to copy filtered resources, i.e. build is platform dependent!
2024-04-08 10:33:28,313 [Worker-3: Building] INFO  o.a.m.s.f.DefaultMavenResourcesFiltering - skip non existing resourceDirectory C:\Users\ABHMAHES\Downloads\Spring boot\crud\src\test\resources
2024-04-08 10:33:40,092 [Worker-3: Building] WARN  o.a.m.s.f.DefaultMavenResourcesFiltering - Using platform encoding (Cp1252 actually) to copy filtered resources, i.e. build is platform dependent!
2024-04-08 10:33:40,095 [Worker-3: Building] INFO  o.a.m.s.f.DefaultMavenResourcesFiltering - Copying 0 resource from src\main\resources to target\classes
2024-04-08 10:33:40,098 [Worker-3: Building] WARN  o.a.m.s.f.DefaultMavenResourcesFiltering - Using platform encoding (Cp1252 actually) to copy filtered resources, i.e. build is platform dependent!
2024-04-08 10:33:40,100 [Worker-3: Building] INFO  o.a.m.s.f.DefaultMavenResourcesFiltering - skip non existing resourceDirectory C:\Users\ABHMAHES\Downloads\Spring boot\crud\src\test\resources
2024-04-08 10:33:52,319 [Worker-3: Building] WARN  o.a.m.s.f.DefaultMavenResourcesFiltering - Using platform encoding (Cp1252 actually) to copy filtered resources, i.e. build is platform dependent!
2024-04-08 10:33:52,321 [Worker-3: Building] INFO  o.a.m.s.f.DefaultMavenResourcesFiltering - Copying 0 resource from src\main\resources to target\classes
2024-04-08 10:33:52,323 [Worker-3: Building] WARN  o.a.m.s.f.DefaultMavenResourcesFiltering - Using platform encoding (Cp1252 actually) to copy filtered resources, i.e. build is platform dependent!
2024-04-08 10:33:52,325 [Worker-3: Building] INFO  o.a.m.s.f.DefaultMavenResourcesFiltering - skip non existing resourceDirectory C:\Users\ABHMAHES\Downloads\Spring boot\crud\src\test\resources
2024-04-08 10:34:36,414 [Worker-14: Building] WARN  o.a.m.s.f.DefaultMavenResourcesFiltering - Using platform encoding (Cp1252 actually) to copy filtered resources, i.e. build is platform dependent!
2024-04-08 10:34:36,417 [Worker-14: Building] INFO  o.a.m.s.f.DefaultMavenResourcesFiltering - Copying 0 resource from src\main\resources to target\classes
2024-04-08 10:34:36,419 [Worker-14: Building] WARN  o.a.m.s.f.DefaultMavenResourcesFiltering - Using platform encoding (Cp1252 actually) to copy filtered resources, i.e. build is platform dependent!
2024-04-08 10:34:36,421 [Worker-14: Building] INFO  o.a.m.s.f.DefaultMavenResourcesFiltering - skip non existing resourceDirectory C:\Users\ABHMAHES\Downloads\Spring boot\crud\src\test\resources
2024-04-08 10:35:15,149 [Worker-3: Building] WARN  o.a.m.s.f.DefaultMavenResourcesFiltering - Using platform encoding (Cp1252 actually) to copy filtered resources, i.e. build is platform dependent!
2024-04-08 10:35:15,151 [Worker-3: Building] INFO  o.a.m.s.f.DefaultMavenResourcesFiltering - Copying 0 resource from src\main\resources to target\classes
2024-04-08 10:35:15,153 [Worker-3: Building] WARN  o.a.m.s.f.DefaultMavenResourcesFiltering - Using platform encoding (Cp1252 actually) to copy filtered resources, i.e. build is platform dependent!
2024-04-08 10:35:15,155 [Worker-3: Building] INFO  o.a.m.s.f.DefaultMavenResourcesFiltering - skip non existing resourceDirectory C:\Users\ABHMAHES\Downloads\Spring boot\crud\src\test\resources
2024-04-08 10:35:28,707 [Worker-6: Updating Maven Project] INFO  o.e.m.c.i.p.ProjectConfigurationManager - Update started
2024-04-08 10:35:28,952 [Worker-6: Updating Maven Project] INFO  o.e.m.c.i.l.LifecycleMappingFactory - Using org.maven.ide.eclipse.wtp.WarLifecycleMapping lifecycle mapping for MavenProject: com.employee:crud:0.0.1-SNAPSHOT @ C:\Users\ABHMAHES\Downloads\Spring boot\crud\pom.xml.
2024-04-08 10:35:29,592 [Worker-6: Updating Maven Project] INFO  o.e.m.j.i.AbstractJavaProjectConfigurator - Adding source folder /crud/src/main/java
2024-04-08 10:35:29,592 [Worker-6: Updating Maven Project] INFO  o.e.m.j.i.AbstractJavaProjectConfigurator - Adding resource folder /crud/src/main/resources
2024-04-08 10:35:29,592 [Worker-6: Updating Maven Project] INFO  o.e.m.j.i.AbstractJavaProjectConfigurator - Adding source folder /crud/src/test/java
2024-04-08 10:35:29,592 [Worker-6: Updating Maven Project] INFO  o.e.m.j.i.AbstractJavaProjectConfigurator - Adding resource folder /crud/src/test/resources
2024-04-08 10:35:29,749 [Worker-6: Updating Maven Project] INFO  o.e.m.w.i.f.ResourceFilteringBuildParticipant - Cleaning filtered folder for crud
2024-04-08 10:35:29,834 [Worker-6: Updating Maven Project] INFO  o.e.m.c.i.p.ProjectConfigurationManager - Update completed for 1 poms: local refresh takes 0.00 sec, refresh facades takes 0.00 sec, update config takes 0.00 sec 
2024-04-08 10:35:30,039 [Worker-12: Building] WARN  o.a.m.s.f.DefaultMavenResourcesFiltering - Using platform encoding (Cp1252 actually) to copy filtered resources, i.e. build is platform dependent!
2024-04-08 10:35:30,042 [Worker-12: Building] INFO  o.a.m.s.f.DefaultMavenResourcesFiltering - Copying 0 resource from src\main\resources to target\classes
2024-04-08 10:35:30,048 [Worker-12: Building] WARN  o.a.m.s.f.DefaultMavenResourcesFiltering - Using platform encoding (Cp1252 actually) to copy filtered resources, i.e. build is platform dependent!
2024-04-08 10:35:30,051 [Worker-12: Building] INFO  o.a.m.s.f.DefaultMavenResourcesFiltering - skip non existing resourceDirectory C:\Users\ABHMAHES\Downloads\Spring boot\crud\src\test\resources
2024-04-08 10:35:30,051 [Worker-12: Building] INFO  o.e.m.w.i.f.ResourceFilteringBuildParticipant - Changed resources require a complete clean of filtered resources of crud
2024-04-08 10:35:30,051 [Worker-12: Building] INFO  o.e.m.w.i.f.ResourceFilteringBuildParticipant - Executing resource filtering for crud
2024-04-08 10:38:37,489 [Worker-12: Building] WARN  o.a.m.s.f.DefaultMavenResourcesFiltering - Using platform encoding (Cp1252 actually) to copy filtered resources, i.e. build is platform dependent!
2024-04-08 10:38:37,492 [Worker-12: Building] INFO  o.a.m.s.f.DefaultMavenResourcesFiltering - Copying 0 resource from src\main\resources to target\classes
2024-04-08 10:38:37,494 [Worker-12: Building] WARN  o.a.m.s.f.DefaultMavenResourcesFiltering - Using platform encoding (Cp1252 actually) to copy filtered resources, i.e. build is platform dependent!
2024-04-08 10:38:37,495 [Worker-12: Building] INFO  o.a.m.s.f.DefaultMavenResourcesFiltering - skip non existing resourceDirectory C:\Users\ABHMAHES\Downloads\Spring boot\crud\src\test\resources
2024-04-08 10:39:14,292 [Worker-2: Building] WARN  o.a.m.s.f.DefaultMavenResourcesFiltering - Using platform encoding (Cp1252 actually) to copy filtered resources, i.e. build is platform dependent!
2024-04-08 10:39:14,295 [Worker-2: Building] INFO  o.a.m.s.f.DefaultMavenResourcesFiltering - Copying 0 resource from src\main\resources to target\classes
2024-04-08 10:39:14,297 [Worker-2: Building] WARN  o.a.m.s.f.DefaultMavenResourcesFiltering - Using platform encoding (Cp1252 actually) to copy filtered resources, i.e. build is platform dependent!
2024-04-08 10:39:14,299 [Worker-2: Building] INFO  o.a.m.s.f.DefaultMavenResourcesFiltering - skip non existing resourceDirectory C:\Users\ABHMAHES\Downloads\Spring boot\crud\src\test\resources
2024-04-08 10:41:43,219 [Worker-8: Building] WARN  o.a.m.s.f.DefaultMavenResourcesFiltering - Using platform encoding (Cp1252 actually) to copy filtered resources, i.e. build is platform dependent!
2024-04-08 10:41:43,221 [Worker-8: Building] INFO  o.a.m.s.f.DefaultMavenResourcesFiltering - Copying 0 resource from src\main\resources to target\classes
2024-04-08 10:41:43,223 [Worker-8: Building] WARN  o.a.m.s.f.DefaultMavenResourcesFiltering - Using platform encoding (Cp1252 actually) to copy filtered resources, i.e. build is platform dependent!
2024-04-08 10:41:43,224 [Worker-8: Building] INFO  o.a.m.s.f.DefaultMavenResourcesFiltering - skip non existing resourceDirectory C:\Users\ABHMAHES\Downloads\Spring boot\crud\src\test\resources
2024-04-08 10:49:08,819 [Worker-20: Launching Main (1)] WARN  o.a.m.s.f.DefaultMavenResourcesFiltering - Using platform encoding (Cp1252 actually) to copy filtered resources, i.e. build is platform dependent!
2024-04-08 10:49:08,821 [Worker-20: Launching Main (1)] INFO  o.a.m.s.f.DefaultMavenResourcesFiltering - Copying 0 resource from src\main\resources to target\classes
2024-04-08 10:49:08,823 [Worker-20: Launching Main (1)] WARN  o.a.m.s.f.DefaultMavenResourcesFiltering - Using platform encoding (Cp1252 actually) to copy filtered resources, i.e. build is platform dependent!
2024-04-08 10:49:08,825 [Worker-20: Launching Main (1)] INFO  o.a.m.s.f.DefaultMavenResourcesFiltering - skip non existing resourceDirectory C:\Users\ABHMAHES\Downloads\Spring boot\crud\src\test\resources
2024-04-08 10:49:25,755 [Worker-21: Building] WARN  o.a.m.s.f.DefaultMavenResourcesFiltering - Using platform encoding (Cp1252 actually) to copy filtered resources, i.e. build is platform dependent!
2024-04-08 10:49:25,757 [Worker-21: Building] INFO  o.a.m.s.f.DefaultMavenResourcesFiltering - Copying 0 resource from src\main\resources to target\classes
2024-04-08 10:49:25,760 [Worker-21: Building] WARN  o.a.m.s.f.DefaultMavenResourcesFiltering - Using platform encoding (Cp1252 actually) to copy filtered resources, i.e. build is platform dependent!
2024-04-08 10:49:25,761 [Worker-21: Building] INFO  o.a.m.s.f.DefaultMavenResourcesFiltering - skip non existing resourceDirectory C:\Users\ABHMAHES\Downloads\Spring boot\crud\src\test\resources
2024-04-08 10:49:44,851 [Worker-23: Building] WARN  o.a.m.s.f.DefaultMavenResourcesFiltering - Using platform encoding (Cp1252 actually) to copy filtered resources, i.e. build is platform dependent!
2024-04-08 10:49:44,853 [Worker-23: Building] INFO  o.a.m.s.f.DefaultMavenResourcesFiltering - Copying 0 resource from src\main\resources to target\classes
2024-04-08 10:49:44,855 [Worker-23: Building] WARN  o.a.m.s.f.DefaultMavenResourcesFiltering - Using platform encoding (Cp1252 actually) to copy filtered resources, i.e. build is platform dependent!
2024-04-08 10:49:44,857 [Worker-23: Building] INFO  o.a.m.s.f.DefaultMavenResourcesFiltering - skip non existing resourceDirectory C:\Users\ABHMAHES\Downloads\Spring boot\crud\src\test\resources
2024-04-08 10:50:32,995 [Worker-18: Launching Main (1)] WARN  o.a.m.s.f.DefaultMavenResourcesFiltering - Using platform encoding (Cp1252 actually) to copy filtered resources, i.e. build is platform dependent!
2024-04-08 10:50:32,997 [Worker-18: Launching Main (1)] INFO  o.a.m.s.f.DefaultMavenResourcesFiltering - Copying 0 resource from src\main\resources to target\classes
2024-04-08 10:50:33,001 [Worker-18: Launching Main (1)] WARN  o.a.m.s.f.DefaultMavenResourcesFiltering - Using platform encoding (Cp1252 actually) to copy filtered resources, i.e. build is platform dependent!
2024-04-08 10:50:33,004 [Worker-18: Launching Main (1)] INFO  o.a.m.s.f.DefaultMavenResourcesFiltering - skip non existing resourceDirectory C:\Users\ABHMAHES\Downloads\Spring boot\crud\src\test\resources
2024-04-08 10:51:10,170 [Worker-23: Launching Main (1)] WARN  o.a.m.s.f.DefaultMavenResourcesFiltering - Using platform encoding (Cp1252 actually) to copy filtered resources, i.e. build is platform dependent!
2024-04-08 10:51:10,172 [Worker-23: Launching Main (1)] INFO  o.a.m.s.f.DefaultMavenResourcesFiltering - Copying 0 resource from src\main\resources to target\classes
2024-04-08 10:51:10,174 [Worker-23: Launching Main (1)] WARN  o.a.m.s.f.DefaultMavenResourcesFiltering - Using platform encoding (Cp1252 actually) to copy filtered resources, i.e. build is platform dependent!
2024-04-08 10:51:10,175 [Worker-23: Launching Main (1)] INFO  o.a.m.s.f.DefaultMavenResourcesFiltering - skip non existing resourceDirectory C:\Users\ABHMAHES\Downloads\Spring boot\crud\src\test\resources
2024-04-08 10:51:21,381 [Worker-16: Building] WARN  o.a.m.s.f.DefaultMavenResourcesFiltering - Using platform encoding (Cp1252 actually) to copy filtered resources, i.e. build is platform dependent!
2024-04-08 10:51:21,383 [Worker-16: Building] INFO  o.a.m.s.f.DefaultMavenResourcesFiltering - Copying 0 resource from src\main\resources to target\classes
2024-04-08 10:51:21,386 [Worker-16: Building] WARN  o.a.m.s.f.DefaultMavenResourcesFiltering - Using platform encoding (Cp1252 actually) to copy filtered resources, i.e. build is platform dependent!
2024-04-08 10:51:21,387 [Worker-16: Building] INFO  o.a.m.s.f.DefaultMavenResourcesFiltering - skip non existing resourceDirectory C:\Users\ABHMAHES\Downloads\Spring boot\crud\src\test\resources
2024-04-08 10:51:39,965 [Worker-21: Building] WARN  o.a.m.s.f.DefaultMavenResourcesFiltering - Using platform encoding (Cp1252 actually) to copy filtered resources, i.e. build is platform dependent!
2024-04-08 10:51:39,969 [Worker-21: Building] INFO  o.a.m.s.f.DefaultMavenResourcesFiltering - Copying 0 resource from src\main\resources to target\classes
2024-04-08 10:51:39,971 [Worker-21: Building] WARN  o.a.m.s.f.DefaultMavenResourcesFiltering - Using platform encoding (Cp1252 actually) to copy filtered resources, i.e. build is platform dependent!
2024-04-08 10:51:39,973 [Worker-21: Building] INFO  o.a.m.s.f.DefaultMavenResourcesFiltering - skip non existing resourceDirectory C:\Users\ABHMAHES\Downloads\Spring boot\crud\src\test\resources
2024-04-08 11:29:00,852 [Worker-27: Building] WARN  o.a.m.s.f.DefaultMavenResourcesFiltering - Using platform encoding (Cp1252 actually) to copy filtered resources, i.e. build is platform dependent!
2024-04-08 11:29:00,854 [Worker-27: Building] INFO  o.a.m.s.f.DefaultMavenResourcesFiltering - Copying 0 resource from src\main\resources to target\classes
2024-04-08 11:29:00,855 [Worker-27: Building] WARN  o.a.m.s.f.DefaultMavenResourcesFiltering - Using platform encoding (Cp1252 actually) to copy filtered resources, i.e. build is platform dependent!
2024-04-08 11:29:00,856 [Worker-27: Building] INFO  o.a.m.s.f.DefaultMavenResourcesFiltering - skip non existing resourceDirectory C:\Users\ABHMAHES\Downloads\Spring boot\crud\src\test\resources
2024-04-08 11:29:03,957 [Worker-27: Building] WARN  o.a.m.s.f.DefaultMavenResourcesFiltering - Using platform encoding (Cp1252 actually) to copy filtered resources, i.e. build is platform dependent!
2024-04-08 11:29:03,959 [Worker-27: Building] INFO  o.a.m.s.f.DefaultMavenResourcesFiltering - Copying 0 resource from src\main\resources to target\classes
2024-04-08 11:29:03,960 [Worker-27: Building] WARN  o.a.m.s.f.DefaultMavenResourcesFiltering - Using platform encoding (Cp1252 actually) to copy filtered resources, i.e. build is platform dependent!
2024-04-08 11:29:03,961 [Worker-27: Building] INFO  o.a.m.s.f.DefaultMavenResourcesFiltering - skip non existing resourceDirectory C:\Users\ABHMAHES\Downloads\Spring boot\crud\src\test\resources
2024-04-08 11:29:42,496 [Worker-27: Building] WARN  o.a.m.s.f.DefaultMavenResourcesFiltering - Using platform encoding (Cp1252 actually) to copy filtered resources, i.e. build is platform dependent!
2024-04-08 11:29:42,498 [Worker-27: Building] INFO  o.a.m.s.f.DefaultMavenResourcesFiltering - Copying 0 resource from src\main\resources to target\classes
2024-04-08 11:29:42,500 [Worker-27: Building] WARN  o.a.m.s.f.DefaultMavenResourcesFiltering - Using platform encoding (Cp1252 actually) to copy filtered resources, i.e. build is platform dependent!
2024-04-08 11:29:42,501 [Worker-27: Building] INFO  o.a.m.s.f.DefaultMavenResourcesFiltering - skip non existing resourceDirectory C:\Users\ABHMAHES\Downloads\Spring boot\crud\src\test\resources
2024-04-08 11:32:21,304 [Worker-3: Loading available Gradle versions] INFO  o.e.b.c.i.u.g.PublishedGradleVersions - Gradle version information cache is up-to-date. Trying to read.
